# JRE version: OpenJDK Runtime Environment Microsoft-11926163 (17.0.16+8) (build 17.0.16+8-LTS)
# Java VM: OpenJDK 64-Bit Server VM Microsoft-11926163 (17.0.16+8-LTS, mixed mode, sharing, tiered, compressed oops, compressed class ptrs, g1 gc, windows-amd64)
GC Precious Log:
 CPUs: 12 total, 12 available
 Memory: 7381M
 Large Page Support: Disabled
 NUMA Support: Disabled
 Compressed Oops: Enabled (32-bit)
 Heap Region Size: 1M
 Heap Min Capacity: 8M
 Heap Initial Capacity: 116M
 Heap Max Capacity: 2G
 Pre-touch: Disabled
 Parallel Workers: 10
 Concurrent Workers: 3
 Concurrent Refinement Workers: 10
 Periodic GC: Disabled
Heap:
 garbage-first heap   total 109568K, used 33288K [0x0000000080000000, 0x0000000100000000)
  region size 1024K, 7 young (7168K), 5 survivors (5120K)
 Metaspace       used 38546K, committed 39232K, reserved 491520K
  class space    used 5492K, committed 5824K, reserved 425984K
GC Heap History (18 events):
Event: 1.572 GC heap before
{Heap before GC invocations=0 (full 0):
 garbage-first heap   total 118784K, used 23552K [0x0000000080000000, 0x0000000100000000)
  region size 1024K, 23 young (23552K), 0 survivors (0K)
 Metaspace       used 1050K, committed 1216K, reserved 491520K
  class space    used 72K, committed 128K, reserved 425984K
}
Event: 1.625 GC heap after
{Heap after GC invocations=1 (full 0):
 garbage-first heap   total 118784K, used 2208K [0x0000000080000000, 0x0000000100000000)
  region size 1024K, 3 young (3072K), 3 survivors (3072K)
 Metaspace       used 1050K, committed 1216K, reserved 491520K
  class space    used 72K, committed 128K, reserved 425984K
}
Event: 3.855 GC heap before
{Heap before GC invocations=1 (full 0):
 garbage-first heap   total 118784K, used 38048K [0x0000000080000000, 0x0000000100000000)
  region size 1024K, 35 young (35840K), 3 survivors (3072K)
 Metaspace       used 4527K, committed 4736K, reserved 491520K
  class space    used 570K, committed 640K, reserved 425984K
}
Event: 3.869 GC heap after
{Heap after GC invocations=2 (full 0):
 garbage-first heap   total 118784K, used 10790K [0x0000000080000000, 0x0000000100000000)
  region size 1024K, 5 young (5120K), 5 survivors (5120K)
 Metaspace       used 4527K, committed 4736K, reserved 491520K
  class space    used 570K, committed 640K, reserved 425984K
}
Event: 5.279 GC heap before
{Heap before GC invocations=2 (full 0):
 garbage-first heap   total 118784K, used 53798K [0x0000000080000000, 0x0000000100000000)
  region size 1024K, 45 young (46080K), 5 survivors (5120K)
 Metaspace       used 4602K, committed 4736K, reserved 491520K
  class space    used 571K, committed 640K, reserved 425984K
}
Event: 5.368 GC heap after
{Heap after GC invocations=3 (full 0):
 garbage-first heap   total 118784K, used 15520K [0x0000000080000000, 0x0000000100000000)
  region size 1024K, 4 young (4096K), 4 survivors (4096K)
 Metaspace       used 4602K, committed 4736K, reserved 491520K
  class space    used 571K, committed 640K, reserved 425984K
}
Event: 13.918 GC heap before
{Heap before GC invocations=3 (full 0):
 garbage-first heap   total 118784K, used 81056K [0x0000000080000000, 0x0000000100000000)
  region size 1024K, 68 young (69632K), 4 survivors (4096K)
 Metaspace       used 14934K, committed 15168K, reserved 491520K
  class space    used 2027K, committed 2112K, reserved 425984K
}
Event: 13.935 GC heap after
{Heap after GC invocations=4 (full 0):
 garbage-first heap   total 118784K, used 20705K [0x0000000080000000, 0x0000000100000000)
  region size 1024K, 9 young (9216K), 9 survivors (9216K)
 Metaspace       used 14934K, committed 15168K, reserved 491520K
  class space    used 2027K, committed 2112K, reserved 425984K
}
Event: 16.853 GC heap before
{Heap before GC invocations=4 (full 0):
 garbage-first heap   total 118784K, used 68833K [0x0000000080000000, 0x0000000100000000)
  region size 1024K, 56 young (57344K), 9 survivors (9216K)
 Metaspace       used 21253K, committed 21504K, reserved 491520K
  class space    used 2929K, committed 3072K, reserved 425984K
}
Event: 16.864 GC heap after
{Heap after GC invocations=5 (full 0):
 garbage-first heap   total 118784K, used 23543K [0x0000000080000000, 0x0000000100000000)
  region size 1024K, 3 young (3072K), 3 survivors (3072K)
 Metaspace       used 21253K, committed 21504K, reserved 491520K
  class space    used 2929K, committed 3072K, reserved 425984K
}
Event: 21.456 GC heap before
{Heap before GC invocations=6 (full 0):
 garbage-first heap   total 86016K, used 71671K [0x0000000080000000, 0x0000000100000000)
  region size 1024K, 50 young (51200K), 3 survivors (3072K)
 Metaspace       used 26818K, committed 27200K, reserved 491520K
  class space    used 3803K, committed 3968K, reserved 425984K
}
Event: 21.463 GC heap after
{Heap after GC invocations=7 (full 0):
 garbage-first heap   total 86016K, used 25082K [0x0000000080000000, 0x0000000100000000)
  region size 1024K, 5 young (5120K), 5 survivors (5120K)
 Metaspace       used 26818K, committed 27200K, reserved 491520K
  class space    used 3803K, committed 3968K, reserved 425984K
}
Event: 21.514 GC heap before
{Heap before GC invocations=7 (full 0):
 garbage-first heap   total 86016K, used 26106K [0x0000000080000000, 0x0000000100000000)
  region size 1024K, 6 young (6144K), 5 survivors (5120K)
 Metaspace       used 26922K, committed 27264K, reserved 491520K
  class space    used 3825K, committed 3968K, reserved 425984K
}
Event: 21.519 GC heap after
{Heap after GC invocations=8 (full 0):
 garbage-first heap   total 86016K, used 25568K [0x0000000080000000, 0x0000000100000000)
  region size 1024K, 1 young (1024K), 1 survivors (1024K)
 Metaspace       used 26922K, committed 27264K, reserved 491520K
  class space    used 3825K, committed 3968K, reserved 425984K
}
Event: 23.361 GC heap before
{Heap before GC invocations=8 (full 0):
 garbage-first heap   total 86016K, used 63456K [0x0000000080000000, 0x0000000100000000)
  region size 1024K, 39 young (39936K), 1 survivors (1024K)
 Metaspace       used 32911K, committed 33280K, reserved 491520K
  class space    used 4577K, committed 4736K, reserved 425984K
}
Event: 23.367 GC heap after
{Heap after GC invocations=9 (full 0):
 garbage-first heap   total 132096K, used 28024K [0x0000000080000000, 0x0000000100000000)
  region size 1024K, 4 young (4096K), 4 survivors (4096K)
 Metaspace       used 32911K, committed 33280K, reserved 491520K
  class space    used 4577K, committed 4736K, reserved 425984K
}
Event: 24.398 GC heap before
{Heap before GC invocations=9 (full 0):
 garbage-first heap   total 132096K, used 51576K [0x0000000080000000, 0x0000000100000000)
  region size 1024K, 28 young (28672K), 4 survivors (4096K)
 Metaspace       used 35464K, committed 35968K, reserved 491520K
  class space    used 4984K, committed 5248K, reserved 425984K
}
Event: 24.405 GC heap after
{Heap after GC invocations=10 (full 0):
 garbage-first heap   total 132096K, used 30100K [0x0000000080000000, 0x0000000100000000)
  region size 1024K, 6 young (6144K), 6 survivors (6144K)
 Metaspace       used 35464K, committed 35968K, reserved 491520K
  class space    used 4984K, committed 5248K, reserved 425984K
}

